This is pdfTeX, Version 3.1415926-2.4-1.40.13 (TeX Live 2012/W32TeX) (format=pdflatex 2013.1.18)  13 MAR 2013 17:40
entering extended mode
 restricted \write18 enabled.
 %&-line parsing enabled.
**DGFEM_RK.tex
(./DGFEM_RK.tex
LaTeX2e <2011/06/27>
Babel <v3.8m> and hyphenation patterns for english, dumylang, nohyphenation, ge
rman-x-2012-05-30, ngerman-x-2012-05-30, afrikaans, ancientgreek, ibycus, arabi
c, armenian, basque, bulgarian, catalan, pinyin, coptic, croatian, czech, danis
h, dutch, ukenglish, usenglishmax, esperanto, estonian, ethiopic, farsi, finnis
h, french, friulan, galician, german, ngerman, swissgerman, monogreek, greek, h
ungarian, icelandic, assamese, bengali, gujarati, hindi, kannada, malayalam, ma
rathi, oriya, panjabi, tamil, telugu, indonesian, interlingua, irish, italian, 
kurmanji, latin, latvian, lithuanian, mongolian, mongolianlmc, bokmal, nynorsk,
 polish, portuguese, romanian, romansh, russian, sanskrit, serbian, serbianc, s
lovak, slovenian, spanish, swedish, turkish, turkmen, ukrainian, uppersorbian, 
welsh, loaded.
(e:/texlive/2012/texmf-dist/tex/latex/base/article.cls
Document Class: article 2007/10/19 v1.4h Standard LaTeX document class
(e:/texlive/2012/texmf-dist/tex/latex/base/size10.clo
File: size10.clo 2007/10/19 v1.4h Standard LaTeX file (size option)
)
\c@part=\count79
\c@section=\count80
\c@subsection=\count81
\c@subsubsection=\count82
\c@paragraph=\count83
\c@subparagraph=\count84
\c@figure=\count85
\c@table=\count86
\abovecaptionskip=\skip41
\belowcaptionskip=\skip42
\bibindent=\dimen102
)
(e:/texlive/2012/texmf-dist/tex/latex/graphics/graphicx.sty
Package: graphicx 1999/02/16 v1.0f Enhanced LaTeX Graphics (DPC,SPQR)

(e:/texlive/2012/texmf-dist/tex/latex/graphics/keyval.sty
Package: keyval 1999/03/16 v1.13 key=value parser (DPC)
\KV@toks@=\toks14
)
(e:/texlive/2012/texmf-dist/tex/latex/graphics/graphics.sty
Package: graphics 2009/02/05 v1.0o Standard LaTeX Graphics (DPC,SPQR)

(e:/texlive/2012/texmf-dist/tex/latex/graphics/trig.sty
Package: trig 1999/03/16 v1.09 sin cos tan (DPC)
)
(e:/texlive/2012/texmf-dist/tex/latex/latexconfig/graphics.cfg
File: graphics.cfg 2010/04/23 v1.9 graphics configuration of TeX Live
)
Package graphics Info: Driver file: pdftex.def on input line 91.

(e:/texlive/2012/texmf-dist/tex/latex/pdftex-def/pdftex.def
File: pdftex.def 2011/05/27 v0.06d Graphics/color for pdfTeX

(e:/texlive/2012/texmf-dist/tex/generic/oberdiek/infwarerr.sty
Package: infwarerr 2010/04/08 v1.3 Providing info/warning/error messages (HO)
)
(e:/texlive/2012/texmf-dist/tex/generic/oberdiek/ltxcmds.sty
Package: ltxcmds 2011/11/09 v1.22 LaTeX kernel commands for general use (HO)
)
\Gread@gobject=\count87
))
\Gin@req@height=\dimen103
\Gin@req@width=\dimen104
)
(e:/texlive/2012/texmf-dist/tex/latex/graphics/color.sty
Package: color 2005/11/14 v1.0j Standard LaTeX Color (DPC)

(e:/texlive/2012/texmf-dist/tex/latex/latexconfig/color.cfg
File: color.cfg 2007/01/18 v1.5 color configuration of teTeX/TeXLive
)
Package color Info: Driver file: pdftex.def on input line 130.
) (./DGFEM_RK.aux)
\openout1 = `DGFEM_RK.aux'.

LaTeX Font Info:    Checking defaults for OML/cmm/m/it on input line 13.
LaTeX Font Info:    ... okay on input line 13.
LaTeX Font Info:    Checking defaults for T1/cmr/m/n on input line 13.
LaTeX Font Info:    ... okay on input line 13.
LaTeX Font Info:    Checking defaults for OT1/cmr/m/n on input line 13.
LaTeX Font Info:    ... okay on input line 13.
LaTeX Font Info:    Checking defaults for OMS/cmsy/m/n on input line 13.
LaTeX Font Info:    ... okay on input line 13.
LaTeX Font Info:    Checking defaults for OMX/cmex/m/n on input line 13.
LaTeX Font Info:    ... okay on input line 13.
LaTeX Font Info:    Checking defaults for U/cmr/m/n on input line 13.
LaTeX Font Info:    ... okay on input line 13.

(e:/texlive/2012/texmf-dist/tex/context/base/supp-pdf.mkii
[Loading MPS to PDF converter (version 2006.09.02).]
\scratchcounter=\count88
\scratchdimen=\dimen105
\scratchbox=\box26
\nofMPsegments=\count89
\nofMParguments=\count90
\everyMPshowfont=\toks15
\MPscratchCnt=\count91
\MPscratchDim=\dimen106
\MPnumerator=\count92
\makeMPintoPDFobject=\count93
\everyMPtoPDFconversion=\toks16
) (e:/texlive/2012/texmf-dist/tex/generic/oberdiek/pdftexcmds.sty
Package: pdftexcmds 2011/11/29 v0.20 Utility functions of pdfTeX for LuaTeX (HO
)

(e:/texlive/2012/texmf-dist/tex/generic/oberdiek/ifluatex.sty
Package: ifluatex 2010/03/01 v1.3 Provides the ifluatex switch (HO)
Package ifluatex Info: LuaTeX not detected.
)
(e:/texlive/2012/texmf-dist/tex/generic/oberdiek/ifpdf.sty
Package: ifpdf 2011/01/30 v2.3 Provides the ifpdf switch (HO)
Package ifpdf Info: pdfTeX in PDF mode is detected.
)
Package pdftexcmds Info: LuaTeX not detected.
Package pdftexcmds Info: \pdf@primitive is available.
Package pdftexcmds Info: \pdf@ifprimitive is available.
Package pdftexcmds Info: \pdfdraftmode found.
)
(e:/texlive/2012/texmf-dist/tex/latex/oberdiek/epstopdf-base.sty
Package: epstopdf-base 2010/02/09 v2.5 Base part for package epstopdf

(e:/texlive/2012/texmf-dist/tex/latex/oberdiek/grfext.sty
Package: grfext 2010/08/19 v1.1 Manage graphics extensions (HO)

(e:/texlive/2012/texmf-dist/tex/generic/oberdiek/kvdefinekeys.sty
Package: kvdefinekeys 2011/04/07 v1.3 Define keys (HO)
))
(e:/texlive/2012/texmf-dist/tex/latex/oberdiek/kvoptions.sty
Package: kvoptions 2011/06/30 v3.11 Key value format for package options (HO)

(e:/texlive/2012/texmf-dist/tex/generic/oberdiek/kvsetkeys.sty
Package: kvsetkeys 2012/04/25 v1.16 Key value parser (HO)

(e:/texlive/2012/texmf-dist/tex/generic/oberdiek/etexcmds.sty
Package: etexcmds 2011/02/16 v1.5 Avoid name clashes with e-TeX commands (HO)
Package etexcmds Info: Could not find \expanded.
(etexcmds)             That can mean that you are not using pdfTeX 1.50 or
(etexcmds)             that some package has redefined \expanded.
(etexcmds)             In the latter case, load this package earlier.
)))
Package grfext Info: Graphics extension search list:
(grfext)             [.png,.pdf,.jpg,.mps,.jpeg,.jbig2,.jb2,.PNG,.PDF,.JPG,.JPE
G,.JBIG2,.JB2,.eps]
(grfext)             \AppendGraphicsExtensions on input line 452.

(e:/texlive/2012/texmf-dist/tex/latex/latexconfig/epstopdf-sys.cfg
File: epstopdf-sys.cfg 2010/07/13 v1.3 Configuration of (r)epstopdf for TeX Liv
e
))
LaTeX Font Info:    External font `cmex10' loaded for size
(Font)              <7> on input line 26.
LaTeX Font Info:    External font `cmex10' loaded for size
(Font)              <5> on input line 26.
LaTeX Font Info:    Try loading font information for OMS+cmr on input line 51.

(e:/texlive/2012/texmf-dist/tex/latex/base/omscmr.fd
File: omscmr.fd 1999/05/25 v2.5h Standard LaTeX font definitions
)
LaTeX Font Info:    Font shape `OMS/cmr/m/n' in size <10> not available
(Font)              Font shape `OMS/cmsy/m/n' tried instead on input line 51.

Overfull \hbox (32.9967pt too wide) in paragraph at lines 89--89
[]\OT1/cmtt/m/n/10 k         = 4;      % Space order / Number of degress of fre
edom: 0 to k[] 
 []


Overfull \hbox (38.24666pt too wide) in paragraph at lines 89--89
[]\OT1/cmtt/m/n/10 quadn     = 3;      % element grid: {1}sLeg, {2}Lobatto, {3}
Leg, {4}Radau[] 
 []


Overfull \hbox (43.49661pt too wide) in paragraph at lines 89--89
[]\OT1/cmtt/m/n/10 RKs       = 3;      % Time Int. Scheme {1} no-RK,  {2}TVD-RK
2, {3}TVD-RK3,[] 
 []


Overfull \hbox (48.74657pt too wide) in paragraph at lines 89--89
[]                    \OT1/cmtt/m/n/10 %                  {4}SSP-RK2, {5}SSP-RK
3, {6}SSP-RK4S5[] 
 []


Overfull \hbox (74.99634pt too wide) in paragraph at lines 89--89
[]\OT1/cmtt/m/n/10 flux_type = 3;      % {1}Roe, {2}Global LF, {3}LLF, {4}Upwin
d (non-conservative)[] 
 []

[1

{e:/texlive/2012/texmf-var/fonts/map/pdftex/updmap/pdftex.map}]
Overfull \hbox (59.24648pt too wide) in paragraph at lines 89--89
[]\OT1/cmtt/m/n/10 include_s = 0;      % {1} include source term, {0} do NOT in
clude source term[] 
 []


Overfull \hbox (27.74675pt too wide) in paragraph at lines 89--89
[]\OT1/cmtt/m/n/10 IC_case   = 3;      % {1} Gaussian , {2} Square, {3} sine, {
4} Riemann.[] 
 []

[2]
Overfull \hbox (59.24648pt too wide) in paragraph at lines 192--192
[]    \OT1/cmtt/m/n/10 case{1} % Build Math objects for scaled Legendre polynom
ials. See Ref.[1][] 
 []


Overfull \hbox (64.49643pt too wide) in paragraph at lines 192--192
[]        \OT1/cmtt/m/n/10 Mcoef = [1 1/12 1/180 1/2800 1/44100 1/698544 1/1109
9088 1/176679360];[] 
 []


Overfull \hbox (22.4968pt too wide) in paragraph at lines 192--192
[]        \OT1/cmtt/m/n/10 % Scaled Legendre polynomials of deg 'l' evaluated a
t x = +1/2[] 
 []


Overfull \hbox (22.4968pt too wide) in paragraph at lines 192--192
[]        \OT1/cmtt/m/n/10 % Scaled Legendre polynomials of deg 'l' evaluated a
t x = -1/2[] 
 []


Overfull \hbox (74.99634pt too wide) in paragraph at lines 192--192
[]    \OT1/cmtt/m/n/10 case{2} % Build Math objects for non-scaled Legendre pol
ynomials See Ref.[3][] 
 []

[3]
Overfull \hbox (6.74693pt too wide) in paragraph at lines 192--192
[]    \OT1/cmtt/m/n/10 % Scaled Legendre polynomials of degree 'l' evaluated at
 x = +1[] 
 []


Overfull \hbox (6.74693pt too wide) in paragraph at lines 192--192
[]    \OT1/cmtt/m/n/10 % Scaled Legendre polynomials of degree 'l' evaluated at
 x = -1[] 
 []


Overfull \hbox (48.74657pt too wide) in paragraph at lines 307--307
[]\OT1/cmtt/m/n/10 % Transform u(x,t) to degress of freedom u(t)_{l,i} for each
 i-Cell/Element[] 
 []

[4]
Overfull \hbox (22.4968pt too wide) in paragraph at lines 307--307
[]            \OT1/cmtt/m/n/10 ut_next = 1/2*ut + 1/2*ut_1 + 1/2*dt*AdvecResidu
e(ut_1 ...[] 
 []


Overfull \hbox (6.74693pt too wide) in paragraph at lines 307--307
[]            \OT1/cmtt/m/n/10 ut_2 = 3/4*ut + 1/4*ut_1 + 1/4*dt*AdvecResidue(u
t_1 ...[] 
 []


Overfull \hbox (22.4968pt too wide) in paragraph at lines 307--307
[]            \OT1/cmtt/m/n/10 ut_next = 1/3*ut + 2/3*ut_2 + 2/3*dt*AdvecResidu
e(ut_2 ...[] 
 []


Overfull \hbox (6.74693pt too wide) in paragraph at lines 307--307
[]            \OT1/cmtt/m/n/10 u_next = 1/3*(u + 2*u_2 + 2*dt*residual(u_2,t+0.
5*dt));[] 
 []


Overfull \hbox (32.9967pt too wide) in paragraph at lines 307--307
[]            \OT1/cmtt/m/n/10 % "It is not possible to construc a fourth-order
, four-stage[] 
 []


Overfull \hbox (22.4968pt too wide) in paragraph at lines 307--307
[]            \OT1/cmtt/m/n/10 % SSP-RK schemes where all coefficients are posi
tive." [3][] 
 []


Overfull \hbox (38.24666pt too wide) in paragraph at lines 307--307
[]            \OT1/cmtt/m/n/10 % However, one can derive a fourth-order scheme 
by allowing a[] 
 []

[5]
Package epstopdf Info: Source file: <DGFEM_RK_01.eps>
(epstopdf)                    date: 2013-02-18 21:36:20
(epstopdf)                    size: 12857 bytes
(epstopdf)             Output file: <DGFEM_RK_01-eps-converted-to.pdf>
(epstopdf)                    date: 2013-02-18 21:36:35
(epstopdf)                    size: 9283 bytes
(epstopdf)             Command: <repstopdf --outfile=DGFEM_RK_01-eps-converted-
to.pdf DGFEM_RK_01.eps>
(epstopdf)             \includegraphics on input line 312.
Package epstopdf Info: Output file is already uptodate.
 <DGFEM_RK_01-eps-converted-to.pdf, id=24, 381.425pt x 314.17375pt>
File: DGFEM_RK_01-eps-converted-to.pdf Graphic file (type pdf)

<use DGFEM_RK_01-eps-converted-to.pdf>
Package pdftex.def Info: DGFEM_RK_01-eps-converted-to.pdf used on input line 31
2.
(pdftex.def)             Requested size: 289.07999pt x 238.11775pt.
 [6] [7 <./DGFEM_RK_01-eps-converted-to.pdf>] (./DGFEM_RK.aux) ) 
Here is how much of TeX's memory you used:
 1537 strings out of 493488
 21998 string characters out of 3144748
 82390 words of memory out of 3000000
 4853 multiletter control sequences out of 15000+200000
 5018 words of font info for 19 fonts, out of 3000000 for 9000
 957 hyphenation exceptions out of 8191
 38i,5n,23p,238b,245s stack positions out of 5000i,500n,10000p,200000b,50000s
<e:/texlive/201
2/texmf-dist/fonts/type1/public/amsfonts/cm/cmbx12.pfb><e:/texlive/2012/texmf-d
ist/fonts/type1/public/amsfonts/cm/cmmi10.pfb><e:/texlive/2012/texmf-dist/fonts
/type1/public/amsfonts/cm/cmmi7.pfb><e:/texlive/2012/texmf-dist/fonts/type1/pub
lic/amsfonts/cm/cmr10.pfb><e:/texlive/2012/texmf-dist/fonts/type1/public/amsfon
ts/cm/cmsy10.pfb><e:/texlive/2012/texmf-dist/fonts/type1/public/amsfonts/cm/cmt
t10.pfb>
Output written on DGFEM_RK.pdf (7 pages, 96921 bytes).
PDF statistics:
 59 PDF objects out of 1000 (max. 8388607)
 41 compressed objects within 1 object stream
 0 named destinations out of 1000 (max. 500000)
 6 words of extra memory for PDF output out of 10000 (max. 10000000)

