
                  X               _temp_1     

                0.                -1.27159E-06
                7.25807           -1.40724E-06
               14.5161            -1.40735E-06
               21.7742            -1.41148E-06
               29.0323            -1.42894E-06
               36.2903            -1.45837E-06
               43.5484            -1.49894E-06
               50.8064            -1.54764E-06
               58.0645            -1.6029E-06 
               65.3226            -1.66398E-06
               72.5806            -1.72984E-06
               79.8387            -1.79957E-06
               87.0968            -1.87245E-06
               94.3548            -1.94797E-06
              101.613             -2.02567E-06
              108.871             -2.10522E-06
              116.129             -2.18633E-06
              123.387             -2.26879E-06
              130.645             -2.35239E-06
              137.903             -2.43698E-06
              145.161             -2.52241E-06
              152.419             -2.60858E-06
              159.677             -2.69537E-06
              166.935             -2.7827E-06 
              174.194             -2.87048E-06
              181.452             -2.95861E-06
              188.71              -3.047E-06  
              195.968             -3.13555E-06
              203.226             -3.22417E-06
              210.484             -3.31272E-06
              217.742             -3.40107E-06
              225.                -3.48905E-06




