
                  X               _temp_2     

                0.                29.7557E-03 
                7.25807           16.0266E-03 
               14.5161            13.7274E-03 
               21.7742            12.5364E-03 
               29.0323            11.8293E-03 
               36.2903            11.3683E-03 
               43.5484            11.0753E-03 
               50.8064            10.8774E-03 
               58.0645            10.7301E-03 
               65.3226            10.6171E-03 
               72.5806            10.5298E-03 
               79.8387            10.4594E-03 
               87.0968            10.4008E-03 
               94.3548            10.3506E-03 
              101.613             10.3065E-03 
              108.871             10.2668E-03 
              116.129             10.2304E-03 
              123.387             10.1963E-03 
              130.645             10.164E-03  
              137.903             10.1328E-03 
              145.161             10.1022E-03 
              152.419             10.0719E-03 
              159.677             10.0414E-03 
              166.935             10.0102E-03 
              174.194              9.97787E-03
              181.452              9.94385E-03
              188.71               9.90799E-03
              195.968              9.86971E-03
              203.226              9.82802E-03
              210.484              9.78194E-03
              217.742              9.73024E-03
              225.                 9.67023E-03




